This file contains any messages produced by compilers while
running configure, to aid debugging if configure makes a mistake.

It was created by configure, which was
generated by GNU Autoconf 2.69.  Invocation command line was

  $ ./configure --enable-ansi

## --------- ##
## Platform. ##
## --------- ##

hostname = finance.sina.net
uname -m = x86_64
uname -r = 4.2.0-38-generic
uname -s = Linux
uname -v = #45-Ubuntu SMP Wed Jun 8 21:21:49 UTC 2016

/usr/bin/uname -p = unknown
/bin/uname -X     = unknown

/bin/arch              = unknown
/usr/bin/arch -k       = unknown
/usr/convex/getsysinfo = unknown
/usr/bin/hostinfo      = unknown
/bin/machine           = unknown
/usr/bin/oslevel       = unknown
/bin/universe          = unknown

PATH: /opt/nodejs/bin
PATH: /usr/local/sbin
PATH: /usr/local/bin
PATH: /usr/sbin
PATH: /usr/bin
PATH: /sbin
PATH: /bin
PATH: /usr/games
PATH: /usr/local/games
PATH: /opt/jdk/bin
PATH: /opt/php/bin/
PATH: /opt/php/sbin/
PATH: ~/.composer/vendor/bin/


## ----------- ##
## Core tests. ##
## ----------- ##

configure:2340: checking for grep that handles long lines and -e
configure:2398: result: /bin/grep
configure:2403: checking for egrep
configure:2465: result: /bin/grep -E
configure:2470: checking for a sed that does not truncate output
configure:2524: result: /bin/sed
configure:2714: checking for C compiler version
configure:2723: gcc --version >&5
gcc (Ubuntu 5.2.1-22ubuntu2) 5.2.1 20151010
Copyright (C) 2015 Free Software Foundation, Inc.
This is free software; see the source for copying conditions.  There is NO
warranty; not even for MERCHANTABILITY or FITNESS FOR A PARTICULAR PURPOSE.

configure:2734: $? = 0
configure:2723: gcc -v >&5
Using built-in specs.
COLLECT_GCC=gcc
COLLECT_LTO_WRAPPER=/usr/lib/gcc/x86_64-linux-gnu/5/lto-wrapper
Target: x86_64-linux-gnu
Configured with: ../src/configure -v --with-pkgversion='Ubuntu 5.2.1-22ubuntu2' --with-bugurl=file:///usr/share/doc/gcc-5/README.Bugs --enable-languages=c,ada,c++,java,go,d,fortran,objc,obj-c++ --prefix=/usr --program-suffix=-5 --enable-shared --enable-linker-build-id --libexecdir=/usr/lib --without-included-gettext --enable-threads=posix --libdir=/usr/lib --enable-nls --with-sysroot=/ --enable-clocale=gnu --enable-libstdcxx-debug --enable-libstdcxx-time=yes --with-default-libstdcxx-abi=new --enable-gnu-unique-object --disable-vtable-verify --enable-libmpx --enable-plugin --with-system-zlib --disable-browser-plugin --enable-java-awt=gtk --enable-gtk-cairo --with-java-home=/usr/lib/jvm/java-1.5.0-gcj-5-amd64/jre --enable-java-home --with-jvm-root-dir=/usr/lib/jvm/java-1.5.0-gcj-5-amd64 --with-jvm-jar-dir=/usr/lib/jvm-exports/java-1.5.0-gcj-5-amd64 --with-arch-directory=amd64 --with-ecj-jar=/usr/share/java/eclipse-ecj.jar --enable-objc-gc --enable-multiarch --disable-werror --with-arch-32=i686 --with-abi=m64 --with-multilib-list=m32,m64,mx32 --enable-multilib --with-tune=generic --enable-checking=release --build=x86_64-linux-gnu --host=x86_64-linux-gnu --target=x86_64-linux-gnu
Thread model: posix
gcc version 5.2.1 20151010 (Ubuntu 5.2.1-22ubuntu2) 
configure:2734: $? = 0
configure:2723: gcc -V >&5
gcc: error: unrecognized command line option '-V'
gcc: fatal error: no input files
compilation terminated.
configure:2734: $? = 1
configure:2723: gcc -qversion >&5
gcc: error: unrecognized command line option '-qversion'
gcc: fatal error: no input files
compilation terminated.
configure:2734: $? = 1
configure:2754: checking whether the C compiler works
configure:2776: gcc -O0 -g3   conftest.c  >&5
configure:2780: $? = 0
configure:2828: result: yes
configure:2831: checking for C compiler default output file name
configure:2833: result: a.out
configure:2839: checking for suffix of executables
configure:2846: gcc -o conftest -O0 -g3   conftest.c  >&5
configure:2850: $? = 0
configure:2872: result: 
configure:2894: checking whether we are cross compiling
configure:2902: gcc -o conftest -O0 -g3   conftest.c  >&5
configure:2906: $? = 0
configure:2913: ./conftest
configure:2917: $? = 0
configure:2932: result: no
configure:2937: checking for suffix of object files
configure:2959: gcc -c -O0 -g3  conftest.c >&5
configure:2963: $? = 0
configure:2984: result: o
configure:2988: checking whether we are using the GNU C compiler
configure:3007: gcc -c -O0 -g3  conftest.c >&5
configure:3007: $? = 0
configure:3016: result: yes
configure:3025: checking whether gcc accepts -g
configure:3045: gcc -c -g  conftest.c >&5
configure:3045: $? = 0
configure:3086: result: yes
configure:3103: checking for gcc option to accept ISO C89
configure:3166: gcc  -c -O0 -g3  conftest.c >&5
configure:3166: $? = 0
configure:3179: result: none needed
configure:3205: checking how to run the C preprocessor
configure:3236: gcc -E  conftest.c
configure:3236: $? = 0
configure:3250: gcc -E  conftest.c
conftest.c:9:28: fatal error: ac_nonexistent.h: No such file or directory
compilation terminated.
configure:3250: $? = 1
configure: failed program was:
| /* confdefs.h */
| #define PACKAGE_NAME ""
| #define PACKAGE_TARNAME ""
| #define PACKAGE_VERSION ""
| #define PACKAGE_STRING ""
| #define PACKAGE_BUGREPORT ""
| #define PACKAGE_URL ""
| /* end confdefs.h.  */
| #include <ac_nonexistent.h>
configure:3275: result: gcc -E
configure:3295: gcc -E  conftest.c
configure:3295: $? = 0
configure:3309: gcc -E  conftest.c
conftest.c:9:28: fatal error: ac_nonexistent.h: No such file or directory
compilation terminated.
configure:3309: $? = 1
configure: failed program was:
| /* confdefs.h */
| #define PACKAGE_NAME ""
| #define PACKAGE_TARNAME ""
| #define PACKAGE_VERSION ""
| #define PACKAGE_STRING ""
| #define PACKAGE_BUGREPORT ""
| #define PACKAGE_URL ""
| /* end confdefs.h.  */
| #include <ac_nonexistent.h>
configure:3340: checking for icc
configure:3349: result: no
configure:3363: checking for suncc
configure:3372: result: no
configure:3387: checking whether gcc and cc understand -c and -o together
configure:3418: gcc -c conftest.c -o conftest2.o >&5
configure:3422: $? = 0
configure:3428: gcc -c conftest.c -o conftest2.o >&5
configure:3432: $? = 0
configure:3443: cc -c conftest.c >&5
configure:3447: $? = 0
configure:3455: cc -c conftest.c -o conftest2.o >&5
configure:3459: $? = 0
configure:3465: cc -c conftest.c -o conftest2.o >&5
configure:3469: $? = 0
configure:3487: result: yes
configure:3501: checking for system library directory
configure:3516: result: lib
configure:3523: checking if compiler supports -R
configure:3542: gcc -o conftest -O0 -g3   conftest.c -R /usr/lib  >&5
gcc: error: unrecognized command line option '-R'
configure:3542: $? = 1
configure: failed program was:
| /* confdefs.h */
| #define PACKAGE_NAME ""
| #define PACKAGE_TARNAME ""
| #define PACKAGE_VERSION ""
| #define PACKAGE_STRING ""
| #define PACKAGE_BUGREPORT ""
| #define PACKAGE_URL ""
| /* end confdefs.h.  */
| 
| int
| main ()
| {
| 
|   ;
|   return 0;
| }
configure:3552: result: no
configure:3557: checking if compiler supports -Wl,-rpath,
configure:3576: gcc -o conftest -O0 -g3   conftest.c -Wl,-rpath,/usr/lib  >&5
configure:3576: $? = 0
configure:3586: result: yes
configure:3631: checking build system type
configure:3645: result: x86_64-unknown-linux-gnu
configure:3665: checking host system type
configure:3678: result: x86_64-unknown-linux-gnu
configure:3698: checking target system type
configure:3711: result: x86_64-unknown-linux-gnu
configure:3814: checking for PHP prefix
configure:3816: result: /opt/php
configure:3818: checking for PHP includes
configure:3820: result: -I/opt/php/include/php -I/opt/php/include/php/main -I/opt/php/include/php/TSRM -I/opt/php/include/php/Zend -I/opt/php/include/php/ext -I/opt/php/include/php/ext/date/lib
configure:3822: checking for PHP extension directory
configure:3824: result: /opt/php/lib/php/extensions/debug-zts-20121212
configure:3826: checking for PHP installed headers prefix
configure:3828: result: /opt/php/include/php
configure:3831: checking if debug is enabled
configure:3857: result: yes
configure:3860: checking if zts is enabled
configure:3886: result: yes
configure:3957: checking for re2c
configure:3973: found /usr/bin/re2c
configure:3984: result: re2c
configure:3993: checking for re2c version
configure:4007: result: 0.13.5 (ok)
configure:4026: checking for gawk
configure:4043: found /usr/bin/gawk
configure:4054: result: gawk
configure:4097: checking whether to enable ansi
configure:4136: result: yes, shared
configure:4542: checking whether HAVE_BUNDLED_PCRE is declared
configure:4542: gcc -c  -g3 -O0  -I/opt/php/include/php -I/opt/php/include/php/main -I/opt/php/include/php/TSRM -I/opt/php/include/php/Zend -I/opt/php/include/php/ext -I/opt/php/include/php/ext/date/lib conftest.c >&5
configure:4542: $? = 0
configure:4542: result: yes
configure:4549: checking for ext/pcre/php_pcre.h
configure:4549: gcc -c  -g3 -O0  -I/opt/php/include/php -I/opt/php/include/php/main -I/opt/php/include/php/TSRM -I/opt/php/include/php/Zend -I/opt/php/include/php/ext -I/opt/php/include/php/ext/date/lib conftest.c >&5
configure:4549: $? = 0
configure:4549: result: yes
configure:4588: checking whether HAVE_JSON is declared
configure:4588: gcc -c  -g3 -O0  -I/opt/php/include/php -I/opt/php/include/php/main -I/opt/php/include/php/TSRM -I/opt/php/include/php/Zend -I/opt/php/include/php/ext -I/opt/php/include/php/ext/date/lib conftest.c >&5
configure:4588: $? = 0
configure:4588: result: yes
configure:4595: checking for ext/json/php_json.h
configure:4595: gcc -c  -g3 -O0  -I/opt/php/include/php -I/opt/php/include/php/main -I/opt/php/include/php/TSRM -I/opt/php/include/php/Zend -I/opt/php/include/php/ext -I/opt/php/include/php/ext/date/lib conftest.c >&5
configure:4595: $? = 0
configure:4595: result: yes
configure:4752: checking for ld used by gcc
configure:4819: result: /usr/bin/ld
configure:4826: checking if the linker (/usr/bin/ld) is GNU ld
configure:4841: result: yes
configure:4846: checking for /usr/bin/ld option to reload object files
configure:4853: result: -r
configure:4871: checking for BSD-compatible nm
configure:4920: result: /usr/bin/nm -B
configure:4924: checking whether ln -s works
configure:4928: result: yes
configure:4935: checking how to recognize dependent libraries
configure:5121: result: pass_all
configure:5206: gcc -c  -g3 -O0  conftest.c >&5
configure:5209: $? = 0
configure:5339: checking for ANSI C header files
configure:5359: gcc -c  -g3 -O0  conftest.c >&5
configure:5359: $? = 0
configure:5432: gcc -o conftest  -g3 -O0   conftest.c  >&5
configure:5432: $? = 0
configure:5432: ./conftest
configure:5432: $? = 0
configure:5443: result: yes
configure:5456: checking for sys/types.h
configure:5456: gcc -c  -g3 -O0  conftest.c >&5
configure:5456: $? = 0
configure:5456: result: yes
configure:5456: checking for sys/stat.h
configure:5456: gcc -c  -g3 -O0  conftest.c >&5
configure:5456: $? = 0
configure:5456: result: yes
configure:5456: checking for stdlib.h
configure:5456: gcc -c  -g3 -O0  conftest.c >&5
configure:5456: $? = 0
configure:5456: result: yes
configure:5456: checking for string.h
configure:5456: gcc -c  -g3 -O0  conftest.c >&5
configure:5456: $? = 0
configure:5456: result: yes
configure:5456: checking for memory.h
configure:5456: gcc -c  -g3 -O0  conftest.c >&5
configure:5456: $? = 0
configure:5456: result: yes
configure:5456: checking for strings.h
configure:5456: gcc -c  -g3 -O0  conftest.c >&5
configure:5456: $? = 0
configure:5456: result: yes
configure:5456: checking for inttypes.h
configure:5456: gcc -c  -g3 -O0  conftest.c >&5
configure:5456: $? = 0
configure:5456: result: yes
configure:5456: checking for stdint.h
configure:5456: gcc -c  -g3 -O0  conftest.c >&5
configure:5456: $? = 0
configure:5456: result: yes
configure:5456: checking for unistd.h
configure:5456: gcc -c  -g3 -O0  conftest.c >&5
configure:5456: $? = 0
configure:5456: result: yes
configure:5470: checking dlfcn.h usability
configure:5470: gcc -c  -g3 -O0  conftest.c >&5
configure:5470: $? = 0
configure:5470: result: yes
configure:5470: checking dlfcn.h presence
configure:5470: gcc -E  conftest.c
configure:5470: $? = 0
configure:5470: result: yes
configure:5470: checking for dlfcn.h
configure:5470: result: yes
configure:5492: checking the maximum length of command line arguments
configure:5604: result: 1572864
configure:5616: checking command to parse /usr/bin/nm -B output from gcc object
configure:5721: gcc -c  -g3 -O0  conftest.c >&5
configure:5724: $? = 0
configure:5728: /usr/bin/nm -B conftest.o \| sed -n -e 's/^.*[ 	]\([ABCDGIRSTW][ABCDGIRSTW]*\)[ 	][ 	]*\([_A-Za-z][_A-Za-z0-9]*\)$/\1 \2 \2/p' \> conftest.nm
configure:5731: $? = 0
configure:5783: gcc -o conftest  -g3 -O0   conftest.c conftstm.o >&5
configure:5786: $? = 0
configure:5824: result: ok
configure:5828: checking for objdir
configure:5843: result: .libs
configure:5935: checking for ar
configure:5951: found /usr/bin/ar
configure:5962: result: ar
configure:6027: checking for ranlib
configure:6043: found /usr/bin/ranlib
configure:6054: result: ranlib
configure:6119: checking for strip
configure:6135: found /usr/bin/strip
configure:6146: result: strip
configure:6715: checking if gcc supports -fno-rtti -fno-exceptions
configure:6733: gcc -c  -g3 -O0  -fno-rtti -fno-exceptions conftest.c >&5
cc1: warning: command line option '-fno-rtti' is valid for C++/ObjC++ but not for C
configure:6737: $? = 0
configure:6750: result: no
configure:6765: checking for gcc option to produce PIC
configure:7005: result: -fPIC
configure:7013: checking if gcc PIC flag -fPIC works
configure:7031: gcc -c  -g3 -O0  -fPIC -DPIC conftest.c >&5
configure:7035: $? = 0
configure:7048: result: yes
configure:7076: checking if gcc static flag -static works
configure:7104: result: yes
configure:7114: checking if gcc supports -c -o file.o
configure:7135: gcc -c  -g3 -O0  -o out/conftest2.o conftest.c >&5
configure:7139: $? = 0
configure:7161: result: yes
configure:7187: checking whether the gcc linker (/usr/bin/ld -m elf_x86_64) supports shared libraries
configure:8115: result: yes
configure:8136: checking whether -lc should be explicitly linked in
configure:8141: gcc -c  -g3 -O0  conftest.c >&5
configure:8144: $? = 0
configure:8159: gcc -shared conftest.o  -v -Wl,-soname -Wl,conftest -o conftest 2\>\&1 \| grep  -lc  \>/dev/null 2\>\&1
configure:8162: $? = 0
configure:8174: result: no
configure:8182: checking dynamic linker characteristics
configure:8780: result: GNU/Linux ld.so
configure:8804: checking how to hardcode library paths into programs
configure:8829: result: immediate
configure:8843: checking whether stripping libraries is possible
configure:8848: result: yes
configure:9365: checking if libtool supports shared libraries
configure:9367: result: yes
configure:9370: checking whether to build shared libraries
configure:9391: result: yes
configure:9394: checking whether to build static libraries
configure:9398: result: no
configure:9493: result:
creating libtool
configure:13192: creating ./config.status

## ---------------------- ##
## Running config.status. ##
## ---------------------- ##

This file was extended by config.status, which was
generated by GNU Autoconf 2.69.  Invocation command line was

  CONFIG_FILES    = 
  CONFIG_HEADERS  = 
  CONFIG_LINKS    = 
  CONFIG_COMMANDS = 
  $ ./config.status 

on finance.sina.net

config.status:681: creating config.h

## ---------------- ##
## Cache variables. ##
## ---------------- ##

ac_cv_build=x86_64-unknown-linux-gnu
ac_cv_c_compiler_gnu=yes
ac_cv_env_CC_set=set
ac_cv_env_CC_value=gcc
ac_cv_env_CFLAGS_set=set
ac_cv_env_CFLAGS_value='-O0 -g3'
ac_cv_env_CPPFLAGS_set=
ac_cv_env_CPPFLAGS_value=
ac_cv_env_CPP_set=
ac_cv_env_CPP_value=
ac_cv_env_LDFLAGS_set=
ac_cv_env_LDFLAGS_value=
ac_cv_env_LIBS_set=
ac_cv_env_LIBS_value=
ac_cv_env_build_alias_set=
ac_cv_env_build_alias_value=
ac_cv_env_host_alias_set=
ac_cv_env_host_alias_value=
ac_cv_env_target_alias_set=
ac_cv_env_target_alias_value=
ac_cv_have_decl_HAVE_BUNDLED_PCRE=yes
ac_cv_have_decl_HAVE_JSON=yes
ac_cv_header_dlfcn_h=yes
ac_cv_header_ext_json_php_json_h=yes
ac_cv_header_ext_pcre_php_pcre_h=yes
ac_cv_header_inttypes_h=yes
ac_cv_header_memory_h=yes
ac_cv_header_stdc=yes
ac_cv_header_stdint_h=yes
ac_cv_header_stdlib_h=yes
ac_cv_header_string_h=yes
ac_cv_header_strings_h=yes
ac_cv_header_sys_stat_h=yes
ac_cv_header_sys_types_h=yes
ac_cv_header_unistd_h=yes
ac_cv_host=x86_64-unknown-linux-gnu
ac_cv_objext=o
ac_cv_path_EGREP='/bin/grep -E'
ac_cv_path_GREP=/bin/grep
ac_cv_prog_AWK=gawk
ac_cv_prog_CPP='gcc -E'
ac_cv_prog_RE2C=re2c
ac_cv_prog_ac_ct_AR=ar
ac_cv_prog_ac_ct_RANLIB=ranlib
ac_cv_prog_ac_ct_STRIP=strip
ac_cv_prog_cc_c89=
ac_cv_prog_cc_g=yes
ac_cv_prog_cc_gcc_c_o=yes
ac_cv_target=x86_64-unknown-linux-gnu
lt_cv_deplibs_check_method=pass_all
lt_cv_file_magic_cmd='$MAGIC_CMD'
lt_cv_file_magic_test_file=
lt_cv_ld_reload_flag=-r
lt_cv_objdir=.libs
lt_cv_path_LD=/usr/bin/ld
lt_cv_path_NM='/usr/bin/nm -B'
lt_cv_path_SED=/bin/sed
lt_cv_prog_compiler_c_o=yes
lt_cv_prog_compiler_pic_works=yes
lt_cv_prog_compiler_rtti_exceptions=no
lt_cv_prog_compiler_static_works=yes
lt_cv_prog_gnu_ld=yes
lt_cv_sys_global_symbol_pipe='sed -n -e '\''s/^.*[ 	]\([ABCDGIRSTW][ABCDGIRSTW]*\)[ 	][ 	]*\([_A-Za-z][_A-Za-z0-9]*\)$/\1 \2 \2/p'\'''
lt_cv_sys_global_symbol_to_c_name_address='sed -n -e '\''s/^: \([^ ]*\) $/  {\"\1\", (lt_ptr) 0},/p'\'' -e '\''s/^[BCDEGRST] \([^ ]*\) \([^ ]*\)$/  {"\2", (lt_ptr) \&\2},/p'\'''
lt_cv_sys_global_symbol_to_cdecl='sed -n -e '\''s/^. .* \(.*\)$/extern int \1;/p'\'''
lt_cv_sys_lib_dlsearch_path_spec='/lib /usr/lib /usr/lib/x86_64-linux-gnu/libfakeroot /lib/i386-linux-gnu /usr/lib/i386-linux-gnu /lib/i686-linux-gnu /usr/lib/i686-linux-gnu /usr/local/lib /lib/x86_64-linux-gnu /usr/lib/x86_64-linux-gnu /usr/lib/x86_64-linux-gnu/mesa-egl /usr/lib/x86_64-linux-gnu/mesa /lib32 /usr/lib32 '
lt_cv_sys_lib_search_path_spec='/usr/lib/gcc/x86_64-linux-gnu/5 /usr/lib/x86_64-linux-gnu /usr/lib /lib/x86_64-linux-gnu /lib'
lt_cv_sys_max_cmd_len=1572864
lt_lt_cv_prog_compiler_c_o='"yes"'
lt_lt_cv_sys_global_symbol_pipe='"sed -n -e '\''s/^.*[ 	]\\([ABCDGIRSTW][ABCDGIRSTW]*\\)[ 	][ 	]*\\([_A-Za-z][_A-Za-z0-9]*\\)\$/\\1 \\2 \\2/p'\''"'
lt_lt_cv_sys_global_symbol_to_c_name_address='"sed -n -e '\''s/^: \\([^ ]*\\) \$/  {\\\"\\1\\\", (lt_ptr) 0},/p'\'' -e '\''s/^[BCDEGRST] \\([^ ]*\\) \\([^ ]*\\)\$/  {\"\\2\", (lt_ptr) \\&\\2},/p'\''"'
lt_lt_cv_sys_global_symbol_to_cdecl='"sed -n -e '\''s/^. .* \\(.*\\)\$/extern int \\1;/p'\''"'
php_cv_cc_dashr=no
php_cv_cc_rpath=yes
php_cv_re2c_version='0.13.5 (ok)'

## ----------------- ##
## Output variables. ##
## ----------------- ##

AR='ar'
AWK='gawk'
CC='gcc'
CFLAGS=' -g3 -O0'
CONFIGURE_COMMAND=' '\''./configure'\''  '\''--enable-ansi'\'''
CONFIGURE_OPTIONS=' '\''--enable-ansi'\'''
CPP='gcc -E'
CPPFLAGS=' -DHAVE_CONFIG_H'
DEFS='-DHAVE_CONFIG_H'
DSYMUTIL=''
ECHO='echo'
ECHO_C=''
ECHO_N='-n'
ECHO_T=''
EGREP='/bin/grep -E'
EXEEXT=''
GREP='/bin/grep'
LDFLAGS=''
LIBOBJS=''
LIBS=''
LIBTOOL='$(SHELL) $(top_builddir)/libtool'
LN_S='ln -s'
LTLIBOBJS=''
NMEDIT=''
OBJEXT='o'
PACKAGE_BUGREPORT=''
PACKAGE_NAME=''
PACKAGE_STRING=''
PACKAGE_TARNAME=''
PACKAGE_URL=''
PACKAGE_VERSION=''
PATH_SEPARATOR=':'
RANLIB='ranlib'
RE2C='re2c'
SED='/bin/sed'
SHELL='/bin/sh'
SHLIB_DL_SUFFIX_NAME='so'
SHLIB_SUFFIX_NAME='so'
STRIP='strip'
ac_ct_CC=''
bindir='${exec_prefix}/bin'
build='x86_64-unknown-linux-gnu'
build_alias=''
build_cpu='x86_64'
build_os='linux-gnu'
build_vendor='unknown'
datadir='${datarootdir}'
datarootdir='${prefix}/share'
docdir='${datarootdir}/doc/${PACKAGE}'
dvidir='${docdir}'
exec_prefix='$(prefix)'
host='x86_64-unknown-linux-gnu'
host_alias='x86_64-unknown-linux-gnu'
host_cpu='x86_64'
host_os='linux-gnu'
host_vendor='unknown'
htmldir='${docdir}'
includedir='${prefix}/include'
infodir='${datarootdir}/info'
libdir='${exec_prefix}/lib'
libexecdir='${exec_prefix}/libexec'
localedir='${datarootdir}/locale'
localstatedir='${prefix}/var'
mandir='${datarootdir}/man'
oldincludedir='/usr/include'
pdfdir='${docdir}'
prefix='/opt/php'
program_transform_name='s,x,x,'
psdir='${docdir}'
sbindir='${exec_prefix}/sbin'
sharedstatedir='${prefix}/com'
sysconfdir='${prefix}/etc'
target='x86_64-unknown-linux-gnu'
target_alias=''
target_cpu='x86_64'
target_os='linux-gnu'
target_vendor='unknown'

## ----------- ##
## confdefs.h. ##
## ----------- ##

/* confdefs.h */
#define PACKAGE_NAME ""
#define PACKAGE_TARNAME ""
#define PACKAGE_VERSION ""
#define PACKAGE_STRING ""
#define PACKAGE_BUGREPORT ""
#define PACKAGE_URL ""
#define HAVE_ANSI 1
#define COMPILE_DL_ANSI 1
#define HAVE_EXT_PCRE_PHP_PCRE_H 1
#define ZEPHIR_USE_PHP_PCRE 1
#define HAVE_EXT_JSON_PHP_JSON_H 1
#define ZEPHIR_USE_PHP_JSON 1
#define STDC_HEADERS 1
#define HAVE_SYS_TYPES_H 1
#define HAVE_SYS_STAT_H 1
#define HAVE_STDLIB_H 1
#define HAVE_STRING_H 1
#define HAVE_MEMORY_H 1
#define HAVE_STRINGS_H 1
#define HAVE_INTTYPES_H 1
#define HAVE_STDINT_H 1
#define HAVE_UNISTD_H 1
#define HAVE_DLFCN_H 1

configure: exit 0
